13:45:43 **** Incremental Build of configuration Nios II for project lab72_app ****
make all 
Info: Building D:/University/Y3/ECE385/Lab7/Modules_Week2/software/lab72_app_bsp/
C:/intelFPGA_lite/18.1/nios2eds/bin/gnu/H-x86_64-mingw32/bin/make --no-print-directory -C D:/University/Y3/ECE385/Lab7/Modules_Week2/software/lab72_app_bsp/
[BSP build complete]
Info: Compiling main.c to obj/default/main.o
nios2-elf-gcc -xc -MP -MMD -c -ID:/University/Y3/ECE385/Lab7/Modules_Week2/software/lab72_app_bsp//HAL/inc -ID:/University/Y3/ECE385/Lab7/Modules_Week2/software/lab72_app_bsp/ -ID:/University/Y3/ECE385/Lab7/Modules_Week2/software/lab72_app_bsp//drivers/inc  -pipe -D__hal__ -DALT_NO_INSTRUCTION_EMULATION -DALT_SINGLE_THREADED    -O0 -g -Wall   -mno-hw-div -mno-hw-mul -mno-hw-mulx -mgpopt=global  -o obj/default/main.o main.c
In file included from text_mode_vga_color.h:16:0,
                 from main.c:1:
D:/University/Y3/ECE385/Lab7/Modules_Week2/software/lab72_app_bsp/system.h:190:41: warning: initialization makes pointer from integer without a cast [-Wint-conversion]
 #define VGA_TEXT_MODE_CONTROLLER_0_BASE 0x4000
                                         ^
text_mode_vga_color.h:35:52: note: in expansion of macro 'VGA_TEXT_MODE_CONTROLLER_0_BASE'
 static volatile struct TEXT_VGA_STRUCT* vga_ctrl = VGA_TEXT_MODE_CONTROLLER_0_BASE;
                                                    ^
In file included from main.c:1:0:
text_mode_vga_color.h:35:41: warning: 'vga_ctrl' defined but not used [-Wunused-variable]
 static volatile struct TEXT_VGA_STRUCT* vga_ctrl = VGA_TEXT_MODE_CONTROLLER_0_BASE;
                                         ^
text_mode_vga_color.h:38:21: warning: 'colors' defined but not used [-Wunused-variable]
 static struct COLOR colors[]={
                     ^
Info: Linking lab72_app.elf
nios2-elf-g++  -T'D:/University/Y3/ECE385/Lab7/Modules_Week2/software/lab72_app_bsp//linker.x' -msys-crt0='D:/University/Y3/ECE385/Lab7/Modules_Week2/software/lab72_app_bsp//obj/HAL/src/crt0.o' -msys-lib=hal_bsp -LD:/University/Y3/ECE385/Lab7/Modules_Week2/software/lab72_app_bsp/   -Wl,-Map=lab72_app.map   -O0 -g -Wall   -mno-hw-div -mno-hw-mul -mno-hw-mulx -mgpopt=global  -o lab72_app.elf obj/default/main.o obj/default/palette_test.o obj/default/text_mode_vga_color.o -lm -msys-lib=m
nios2-elf-insert lab72_app.elf --thread_model hal --cpu_name nios2_gen2_0 --qsys true --simulation_enabled false --id 0 --sidp 0x58 --timestamp 1680571616 --stderr_dev jtag_uart --stdin_dev jtag_uart --stdout_dev jtag_uart --sopc_system_name lab71soc --quartus_project_dir "d:/University/Y3/ECE385/Lab7/Modules_Week1" --jdi D:/University/Y3/ECE385/Lab7/Modules_Week1//output_files/Lab7_1.jdi --sopcinfo D:/University/Y3/ECE385/Lab7/Modules_Week1/lab71soc.sopcinfo
Info: (lab72_app.elf) 65 KBytes program size (code + initialized data).
Info:                 65462 KBytes free for stack + heap.
Info: Creating lab72_app.objdump
nios2-elf-objdump --disassemble --syms --all-header --source lab72_app.elf >lab72_app.objdump
[lab72_app build complete]

13:45:48 Build Finished (took 4s.578ms)

